<?xml version="1.0" encoding="utf-8"?><testsuites name="pytest tests"><testsuite name="pytest" errors="0" failures="0" skipped="1" tests="49" time="18.163" timestamp="2026-04-30T20:19:25.120415+00:00" hostname="agent-env-1301aeca-16bb-4606-adae-7e910f89baf2"><testcase classname="backend.tests.backend_test" name="test_root_health" time="0.137" /><testcase classname="backend.tests.backend_test.TestAuth" name="test_register_and_me_logout" time="0.492" /><testcase classname="backend.tests.backend_test.TestAuth" name="test_register_duplicate_email" time="0.117" /><testcase classname="backend.tests.backend_test.TestAuth" name="test_login_invalid_password_returns_401" time="0.103" /><testcase classname="backend.tests.backend_test.TestAuth" name="test_brute_force_lockout" time="1.858" /><testcase classname="backend.tests.backend_test.TestProducts" name="test_list_products" time="0.103" /><testcase classname="backend.tests.backend_test.TestProducts" name="test_filters_and_sort" time="0.107" /><testcase classname="backend.tests.backend_test.TestProducts" name="test_min_max_and_q" time="0.116" /><testcase classname="backend.tests.backend_test.TestProducts" name="test_featured_filter" time="0.153" /><testcase classname="backend.tests.backend_test.TestProducts" name="test_get_product" time="0.219" /><testcase classname="backend.tests.backend_test.TestProducts" name="test_get_product_404" time="0.130" /><testcase classname="backend.tests.backend_test.TestProducts" name="test_categories" time="0.142" /><testcase classname="backend.tests.backend_test.TestReviews" name="test_list_and_create_review" time="0.614" /><testcase classname="backend.tests.backend_test.TestReviews" name="test_create_review_unauth" time="0.103" /><testcase classname="backend.tests.backend_test.TestCart" name="test_cart_crud_flow" time="0.249" /><testcase classname="backend.tests.backend_test.TestCart" name="test_cart_unauth" time="0.110" /><testcase classname="backend.tests.backend_test.TestWishlist" name="test_wishlist_flow" time="0.223" /><testcase classname="backend.tests.backend_test.TestCoupons" name="test_validate_welcome10" time="0.123" /><testcase classname="backend.tests.backend_test.TestCoupons" name="test_validate_invalid" time="0.142" /><testcase classname="backend.tests.backend_test.TestCoupons" name="test_admin_coupons_list_and_create" time="0.568" /><testcase classname="backend.tests.backend_test.TestCoupons" name="test_admin_coupons_requires_admin" time="0.047" /><testcase classname="backend.tests.backend_test.TestCheckoutOrders" name="test_cod_checkout_flow_and_math" time="0.509" /><testcase classname="backend.tests.backend_test.TestCheckoutOrders" name="test_stripe_checkout_returns_redirect" time="0.581" /><testcase classname="backend.tests.backend_test.TestCheckoutOrders" name="test_stripe_status_endpoint" time="0.240"><skipped type="pytest.xfail" message="emergent stripe proxy: created session not fetchable yet" /></testcase><testcase classname="backend.tests.backend_test.TestCheckoutOrders" name="test_stripe_status_other_user_forbidden" time="0.535" /><testcase classname="backend.tests.backend_test.TestCheckoutOrders" name="test_stock_guard_rejects_overflow" time="0.306" /><testcase classname="backend.tests.backend_test.TestCheckoutOrders" name="test_stripe_webhook_endpoint_exists" time="0.122" /><testcase classname="backend.tests.backend_test.TestCheckoutOrders" name="test_list_orders_paginated" time="0.052" /><testcase classname="backend.tests.backend_test.TestCheckoutOrders" name="test_get_own_order" time="0.051" /><testcase classname="backend.tests.backend_test.TestCheckoutOrders" name="test_get_other_order_forbidden" time="0.408" /><testcase classname="backend.tests.backend_test.TestCheckoutOrders" name="test_request_return" time="0.064" /><testcase classname="backend.tests.backend_test.TestCheckoutOrders" name="test_admin_orders_list_and_status_update" time="0.113" /><testcase classname="backend.tests.backend_test.TestCheckoutOrders" name="test_admin_orders_invalid_status" time="0.065" /><testcase classname="backend.tests.backend_test.TestCheckoutOrders" name="test_admin_orders_requires_admin" time="0.067" /><testcase classname="backend.tests.backend_test.TestAdminProductCRUD" name="test_create_update_delete_as_admin" time="0.472" /><testcase classname="backend.tests.backend_test.TestAdminProductCRUD" name="test_non_admin_cannot_create" time="0.051" /><testcase classname="backend.tests.backend_test.TestCustomOrders" name="test_create_public" time="0.108" /><testcase classname="backend.tests.backend_test.TestCustomOrders" name="test_admin_list" time="0.065" /><testcase classname="backend.tests.backend_test.TestCustomOrders" name="test_admin_only" time="0.053" /><testcase classname="backend.tests.backend_test" name="test_contact_public" time="0.111" /><testcase classname="backend.tests.backend_test" name="test_admin_analytics" time="0.062" /><testcase classname="backend.tests.backend_test" name="test_admin_analytics_requires_admin" time="0.053" /><testcase classname="backend.tests.backend_test" name="test_ai_recommendations" time="6.732" /><testcase classname="backend.tests.backend_test.TestUploads" name="test_upload_requires_admin" time="0.050" /><testcase classname="backend.tests.backend_test.TestUploads" name="test_upload_unauth" time="0.129" /><testcase classname="backend.tests.backend_test.TestUploads" name="test_upload_rejects_non_image" time="0.053" /><testcase classname="backend.tests.backend_test.TestUploads" name="test_upload_rejects_too_large" time="0.504" /><testcase classname="backend.tests.backend_test.TestUploads" name="test_upload_and_download_png" time="0.497" /><testcase classname="backend.tests.backend_test.TestUploads" name="test_download_404" time="0.147" /></testsuite></testsuites>