<?xml version="1.0" encoding="utf-8"?><testsuites name="pytest tests"><testsuite name="pytest" errors="0" failures="0" skipped="0" tests="38" time="15.159" timestamp="2026-04-30T20:05:28.923664+00:00" hostname="agent-env-1301aeca-16bb-4606-adae-7e910f89baf2"><testcase classname="backend.tests.backend_test" name="test_root_health" time="0.183" /><testcase classname="backend.tests.backend_test.TestAuth" name="test_register_and_me_logout" time="0.527" /><testcase classname="backend.tests.backend_test.TestAuth" name="test_register_duplicate_email" time="0.124" /><testcase classname="backend.tests.backend_test.TestAuth" name="test_login_invalid_password_returns_401" time="0.119" /><testcase classname="backend.tests.backend_test.TestAuth" name="test_brute_force_lockout" time="2.029" /><testcase classname="backend.tests.backend_test.TestProducts" name="test_list_products" time="0.158" /><testcase classname="backend.tests.backend_test.TestProducts" name="test_filters_and_sort" time="0.108" /><testcase classname="backend.tests.backend_test.TestProducts" name="test_min_max_and_q" time="0.120" /><testcase classname="backend.tests.backend_test.TestProducts" name="test_featured_filter" time="0.124" /><testcase classname="backend.tests.backend_test.TestProducts" name="test_get_product" time="0.303" /><testcase classname="backend.tests.backend_test.TestProducts" name="test_get_product_404" time="0.163" /><testcase classname="backend.tests.backend_test.TestProducts" name="test_categories" time="0.156" /><testcase classname="backend.tests.backend_test.TestReviews" name="test_list_and_create_review" time="0.713" /><testcase classname="backend.tests.backend_test.TestReviews" name="test_create_review_unauth" time="0.111" /><testcase classname="backend.tests.backend_test.TestCart" name="test_cart_crud_flow" time="0.282" /><testcase classname="backend.tests.backend_test.TestCart" name="test_cart_unauth" time="0.133" /><testcase classname="backend.tests.backend_test.TestWishlist" name="test_wishlist_flow" time="0.222" /><testcase classname="backend.tests.backend_test.TestCoupons" name="test_validate_welcome10" time="0.116" /><testcase classname="backend.tests.backend_test.TestCoupons" name="test_validate_invalid" time="0.120" /><testcase classname="backend.tests.backend_test.TestCoupons" name="test_admin_coupons_list_and_create" time="0.630" /><testcase classname="backend.tests.backend_test.TestCoupons" name="test_admin_coupons_requires_admin" time="0.060" /><testcase classname="backend.tests.backend_test.TestCheckoutOrders" name="test_full_checkout_flow_and_math" time="0.293" /><testcase classname="backend.tests.backend_test.TestCheckoutOrders" name="test_list_orders" time="0.055" /><testcase classname="backend.tests.backend_test.TestCheckoutOrders" name="test_get_own_order" time="0.051" /><testcase classname="backend.tests.backend_test.TestCheckoutOrders" name="test_get_other_order_forbidden" time="0.587" /><testcase classname="backend.tests.backend_test.TestCheckoutOrders" name="test_request_return" time="0.061" /><testcase classname="backend.tests.backend_test.TestCheckoutOrders" name="test_admin_orders_list_and_status_update" time="0.142" /><testcase classname="backend.tests.backend_test.TestCheckoutOrders" name="test_admin_orders_invalid_status" time="0.058" /><testcase classname="backend.tests.backend_test.TestCheckoutOrders" name="test_admin_orders_requires_admin" time="0.052" /><testcase classname="backend.tests.backend_test.TestAdminProductCRUD" name="test_create_update_delete_as_admin" time="0.413" /><testcase classname="backend.tests.backend_test.TestAdminProductCRUD" name="test_non_admin_cannot_create" time="0.058" /><testcase classname="backend.tests.backend_test.TestCustomOrders" name="test_create_public" time="0.126" /><testcase classname="backend.tests.backend_test.TestCustomOrders" name="test_admin_list" time="0.067" /><testcase classname="backend.tests.backend_test.TestCustomOrders" name="test_admin_only" time="0.049" /><testcase classname="backend.tests.backend_test" name="test_contact_public" time="0.128" /><testcase classname="backend.tests.backend_test" name="test_admin_analytics" time="0.062" /><testcase classname="backend.tests.backend_test" name="test_admin_analytics_requires_admin" time="0.057" /><testcase classname="backend.tests.backend_test" name="test_ai_recommendations" time="6.320" /></testsuite></testsuites>